<?xml version="1.0" encoding="UTF-8"?>
<testsuite xmlns:xsi="http://www.w3.org/2001/XMLSchema-instance" xsi:noNamespaceSchemaLocation="https://maven.apache.org/surefire/maven-surefire-plugin/xsd/surefire-test-report.xsd" name="individual.me.PassTest" time="0.002" tests="0" errors="0" skipped="0" failures="0">
  <properties>
    <property name="java.specification.version" value="17"/>
    <property name="sun.cpu.isalist" value="amd64"/>
    <property name="sun.jnu.encoding" value="GBK"/>
    <property name="java.class.path" value="C:\Users\daixun\Desktop\spring\项目\spring-cloud-mldx\mldx-auth\target\test-classes;C:\Users\daixun\Desktop\spring\项目\spring-cloud-mldx\mldx-auth\target\classes;C:\Users\daixun\Desktop\spring\项目\spring-cloud-mldx\mldx-log\target\mldx-log-1.0.jar;C:\Users\daixun\Desktop\spring\项目\spring-cloud-mldx\mldx-security\target\mldx-security-1.0.jar;C:\Users\daixun\Desktop\spring\项目\spring-cloud-mldx\mldx-common\target\mldx-common-1.0.jar;C:\Environment\apache-maven-3.8.3-bin\apache-maven-3.8.3\mvn-repo\org\springframework\boot\spring-boot-starter-validation\2.7.4\spring-boot-starter-validation-2.7.4.jar;C:\Environment\apache-maven-3.8.3-bin\apache-maven-3.8.3\mvn-repo\org\hibernate\validator\hibernate-validator\6.2.5.Final\hibernate-validator-6.2.5.Final.jar;C:\Environment\apache-maven-3.8.3-bin\apache-maven-3.8.3\mvn-repo\jakarta\validation\jakarta.validation-api\2.0.2\jakarta.validation-api-2.0.2.jar;C:\Environment\apache-maven-3.8.3-bin\apache-maven-3.8.3\mvn-repo\org\jboss\logging\jboss-logging\3.4.3.Final\jboss-logging-3.4.3.Final.jar;C:\Environment\apache-maven-3.8.3-bin\apache-maven-3.8.3\mvn-repo\com\fasterxml\classmate\1.5.1\classmate-1.5.1.jar;C:\Environment\apache-maven-3.8.3-bin\apache-maven-3.8.3\mvn-repo\javax\servlet\javax.servlet-api\4.0.1\javax.servlet-api-4.0.1.jar;C:\Environment\apache-maven-3.8.3-bin\apache-maven-3.8.3\mvn-repo\org\springframework\boot\spring-boot-starter-data-redis\2.7.4\spring-boot-starter-data-redis-2.7.4.jar;C:\Environment\apache-maven-3.8.3-bin\apache-maven-3.8.3\mvn-repo\org\springframework\data\spring-data-redis\2.7.3\spring-data-redis-2.7.3.jar;C:\Environment\apache-maven-3.8.3-bin\apache-maven-3.8.3\mvn-repo\org\springframework\data\spring-data-keyvalue\2.7.3\spring-data-keyvalue-2.7.3.jar;C:\Environment\apache-maven-3.8.3-bin\apache-maven-3.8.3\mvn-repo\org\springframework\data\spring-data-commons\2.7.3\spring-data-commons-2.7.3.jar;C:\Environment\apache-maven-3.8.3-bin\apache-maven-3.8.3\mvn-repo\org\springframework\spring-oxm\5.3.23\spring-oxm-5.3.23.jar;C:\Environment\apache-maven-3.8.3-bin\apache-maven-3.8.3\mvn-repo\org\springframework\spring-context-support\5.3.23\spring-context-support-5.3.23.jar;C:\Environment\apache-maven-3.8.3-bin\apache-maven-3.8.3\mvn-repo\io\lettuce\lettuce-core\6.1.9.RELEASE\lettuce-core-6.1.9.RELEASE.jar;C:\Environment\apache-maven-3.8.3-bin\apache-maven-3.8.3\mvn-repo\org\springframework\cloud\spring-cloud-starter-bootstrap\3.1.1\spring-cloud-starter-bootstrap-3.1.1.jar;C:\Environment\apache-maven-3.8.3-bin\apache-maven-3.8.3\mvn-repo\org\springframework\cloud\spring-cloud-starter\3.1.1\spring-cloud-starter-3.1.1.jar;C:\Environment\apache-maven-3.8.3-bin\apache-maven-3.8.3\mvn-repo\org\springframework\security\spring-security-rsa\1.0.10.RELEASE\spring-security-rsa-1.0.10.RELEASE.jar;C:\Environment\apache-maven-3.8.3-bin\apache-maven-3.8.3\mvn-repo\org\bouncycastle\bcpkix-jdk15on\1.68\bcpkix-jdk15on-1.68.jar;C:\Environment\apache-maven-3.8.3-bin\apache-maven-3.8.3\mvn-repo\org\bouncycastle\bcprov-jdk15on\1.68\bcprov-jdk15on-1.68.jar;C:\Environment\apache-maven-3.8.3-bin\apache-maven-3.8.3\mvn-repo\org\aspectj\aspectjweaver\1.9.7\aspectjweaver-1.9.7.jar;C:\Environment\apache-maven-3.8.3-bin\apache-maven-3.8.3\mvn-repo\org\redisson\redisson\3.17.6\redisson-3.17.6.jar;C:\Environment\apache-maven-3.8.3-bin\apache-maven-3.8.3\mvn-repo\io\netty\netty-common\4.1.82.Final\netty-common-4.1.82.Final.jar;C:\Environment\apache-maven-3.8.3-bin\apache-maven-3.8.3\mvn-repo\io\netty\netty-codec\4.1.82.Final\netty-codec-4.1.82.Final.jar;C:\Environment\apache-maven-3.8.3-bin\apache-maven-3.8.3\mvn-repo\io\netty\netty-buffer\4.1.82.Final\netty-buffer-4.1.82.Final.jar;C:\Environment\apache-maven-3.8.3-bin\apache-maven-3.8.3\mvn-repo\io\netty\netty-transport\4.1.82.Final\netty-transport-4.1.82.Final.jar;C:\Environment\apache-maven-3.8.3-bin\apache-maven-3.8.3\mvn-repo\io\netty\netty-resolver\4.1.82.Final\netty-resolver-4.1.82.Final.jar;C:\Environment\apache-maven-3.8.3-bin\apache-maven-3.8.3\mvn-repo\io\netty\netty-resolver-dns\4.1.82.Final\netty-resolver-dns-4.1.82.Final.jar;C:\Environment\apache-maven-3.8.3-bin\apache-maven-3.8.3\mvn-repo\io\netty\netty-codec-dns\4.1.82.Final\netty-codec-dns-4.1.82.Final.jar;C:\Environment\apache-maven-3.8.3-bin\apache-maven-3.8.3\mvn-repo\io\netty\netty-handler\4.1.82.Final\netty-handler-4.1.82.Final.jar;C:\Environment\apache-maven-3.8.3-bin\apache-maven-3.8.3\mvn-repo\io\netty\netty-transport-native-unix-common\4.1.82.Final\netty-transport-native-unix-common-4.1.82.Final.jar;C:\Environment\apache-maven-3.8.3-bin\apache-maven-3.8.3\mvn-repo\javax\cache\cache-api\1.1.1\cache-api-1.1.1.jar;C:\Environment\apache-maven-3.8.3-bin\apache-maven-3.8.3\mvn-repo\io\projectreactor\reactor-core\3.4.23\reactor-core-3.4.23.jar;C:\Environment\apache-maven-3.8.3-bin\apache-maven-3.8.3\mvn-repo\org\reactivestreams\reactive-streams\1.0.4\reactive-streams-1.0.4.jar;C:\Environment\apache-maven-3.8.3-bin\apache-maven-3.8.3\mvn-repo\io\reactivex\rxjava3\rxjava\3.1.5\rxjava-3.1.5.jar;C:\Environment\apache-maven-3.8.3-bin\apache-maven-3.8.3\mvn-repo\org\jboss\marshalling\jboss-marshalling\2.0.11.Final\jboss-marshalling-2.0.11.Final.jar;C:\Environment\apache-maven-3.8.3-bin\apache-maven-3.8.3\mvn-repo\org\jboss\marshalling\jboss-marshalling-river\2.0.11.Final\jboss-marshalling-river-2.0.11.Final.jar;C:\Environment\apache-maven-3.8.3-bin\apache-maven-3.8.3\mvn-repo\com\fasterxml\jackson\dataformat\jackson-dataformat-yaml\2.13.4\jackson-dataformat-yaml-2.13.4.jar;C:\Environment\apache-maven-3.8.3-bin\apache-maven-3.8.3\mvn-repo\net\bytebuddy\byte-buddy\1.12.17\byte-buddy-1.12.17.jar;C:\Environment\apache-maven-3.8.3-bin\apache-maven-3.8.3\mvn-repo\org\jodd\jodd-bean\5.1.6\jodd-bean-5.1.6.jar;C:\Environment\apache-maven-3.8.3-bin\apache-maven-3.8.3\mvn-repo\org\jodd\jodd-core\5.1.6\jodd-core-5.1.6.jar;C:\Environment\apache-maven-3.8.3-bin\apache-maven-3.8.3\mvn-repo\io\jsonwebtoken\jjwt-jackson\0.11.5\jjwt-jackson-0.11.5.jar;C:\Environment\apache-maven-3.8.3-bin\apache-maven-3.8.3\mvn-repo\io\jsonwebtoken\jjwt-impl\0.11.5\jjwt-impl-0.11.5.jar;C:\Environment\apache-maven-3.8.3-bin\apache-maven-3.8.3\mvn-repo\io\jsonwebtoken\jjwt-api\0.11.5\jjwt-api-0.11.5.jar;C:\Environment\apache-maven-3.8.3-bin\apache-maven-3.8.3\mvn-repo\cn\hutool\hutool-all\5.8.5\hutool-all-5.8.5.jar;C:\Environment\apache-maven-3.8.3-bin\apache-maven-3.8.3\mvn-repo\nl\basjes\parse\useragent\yauaa\7.6.0\yauaa-7.6.0.jar;C:\Environment\apache-maven-3.8.3-bin\apache-maven-3.8.3\mvn-repo\org\apache\httpcomponents\client5\httpclient5\5.1.3\httpclient5-5.1.3.jar;C:\Environment\apache-maven-3.8.3-bin\apache-maven-3.8.3\mvn-repo\org\apache\httpcomponents\core5\httpcore5\5.1.4\httpcore5-5.1.4.jar;C:\Environment\apache-maven-3.8.3-bin\apache-maven-3.8.3\mvn-repo\org\apache\httpcomponents\core5\httpcore5-h2\5.1.4\httpcore5-h2-5.1.4.jar;C:\Environment\apache-maven-3.8.3-bin\apache-maven-3.8.3\mvn-repo\org\apache\commons\commons-text\1.9\commons-text-1.9.jar;C:\Environment\apache-maven-3.8.3-bin\apache-maven-3.8.3\mvn-repo\org\apache\commons\commons-lang3\3.12.0\commons-lang3-3.12.0.jar;C:\Environment\apache-maven-3.8.3-bin\apache-maven-3.8.3\mvn-repo\com\github\ben-manes\caffeine\caffeine\2.9.3\caffeine-2.9.3.jar;C:\Environment\apache-maven-3.8.3-bin\apache-maven-3.8.3\mvn-repo\org\apache\commons\commons-collections4\4.4\commons-collections4-4.4.jar;C:\Environment\apache-maven-3.8.3-bin\apache-maven-3.8.3\mvn-repo\nl\basjes\collections\prefixmap\2.0\prefixmap-2.0.jar;C:\Environment\apache-maven-3.8.3-bin\apache-maven-3.8.3\mvn-repo\com\alibaba\fastjson\2.0.12\fastjson-2.0.12.jar;C:\Environment\apache-maven-3.8.3-bin\apache-maven-3.8.3\mvn-repo\com\alibaba\fastjson2\fastjson2-extension\2.0.12\fastjson2-extension-2.0.12.jar;C:\Environment\apache-maven-3.8.3-bin\apache-maven-3.8.3\mvn-repo\com\alibaba\fastjson2\fastjson2\2.0.12\fastjson2-2.0.12.jar;C:\Environment\apache-maven-3.8.3-bin\apache-maven-3.8.3\mvn-repo\org\mybatis\spring\boot\mybatis-spring-boot-starter\2.2.2\mybatis-spring-boot-starter-2.2.2.jar;C:\Environment\apache-maven-3.8.3-bin\apache-maven-3.8.3\mvn-repo\org\springframework\boot\spring-boot-starter-jdbc\2.7.4\spring-boot-starter-jdbc-2.7.4.jar;C:\Environment\apache-maven-3.8.3-bin\apache-maven-3.8.3\mvn-repo\com\zaxxer\HikariCP\4.0.3\HikariCP-4.0.3.jar;C:\Environment\apache-maven-3.8.3-bin\apache-maven-3.8.3\mvn-repo\org\springframework\spring-jdbc\5.3.23\spring-jdbc-5.3.23.jar;C:\Environment\apache-maven-3.8.3-bin\apache-maven-3.8.3\mvn-repo\org\springframework\spring-tx\5.3.23\spring-tx-5.3.23.jar;C:\Environment\apache-maven-3.8.3-bin\apache-maven-3.8.3\mvn-repo\org\mybatis\spring\boot\mybatis-spring-boot-autoconfigure\2.2.2\mybatis-spring-boot-autoconfigure-2.2.2.jar;C:\Environment\apache-maven-3.8.3-bin\apache-maven-3.8.3\mvn-repo\org\mybatis\mybatis\3.5.9\mybatis-3.5.9.jar;C:\Environment\apache-maven-3.8.3-bin\apache-maven-3.8.3\mvn-repo\org\mybatis\mybatis-spring\2.0.7\mybatis-spring-2.0.7.jar;C:\Environment\apache-maven-3.8.3-bin\apache-maven-3.8.3\mvn-repo\mysql\mysql-connector-java\8.0.29\mysql-connector-java-8.0.29.jar;C:\Environment\apache-maven-3.8.3-bin\apache-maven-3.8.3\mvn-repo\com\google\protobuf\protobuf-java\3.19.4\protobuf-java-3.19.4.jar;C:\Environment\apache-maven-3.8.3-bin\apache-maven-3.8.3\mvn-repo\org\springframework\boot\spring-boot-starter-web\2.7.4\spring-boot-starter-web-2.7.4.jar;C:\Environment\apache-maven-3.8.3-bin\apache-maven-3.8.3\mvn-repo\org\springframework\boot\spring-boot-starter\2.7.4\spring-boot-starter-2.7.4.jar;C:\Environment\apache-maven-3.8.3-bin\apache-maven-3.8.3\mvn-repo\org\springframework\boot\spring-boot\2.7.4\spring-boot-2.7.4.jar;C:\Environment\apache-maven-3.8.3-bin\apache-maven-3.8.3\mvn-repo\org\springframework\boot\spring-boot-autoconfigure\2.7.4\spring-boot-autoconfigure-2.7.4.jar;C:\Environment\apache-maven-3.8.3-bin\apache-maven-3.8.3\mvn-repo\org\springframework\boot\spring-boot-starter-logging\2.7.4\spring-boot-starter-logging-2.7.4.jar;C:\Environment\apache-maven-3.8.3-bin\apache-maven-3.8.3\mvn-repo\ch\qos\logback\logback-classic\1.2.11\logback-classic-1.2.11.jar;C:\Environment\apache-maven-3.8.3-bin\apache-maven-3.8.3\mvn-repo\ch\qos\logback\logback-core\1.2.11\logback-core-1.2.11.jar;C:\Environment\apache-maven-3.8.3-bin\apache-maven-3.8.3\mvn-repo\org\apache\logging\log4j\log4j-to-slf4j\2.17.2\log4j-to-slf4j-2.17.2.jar;C:\Environment\apache-maven-3.8.3-bin\apache-maven-3.8.3\mvn-repo\org\apache\logging\log4j\log4j-api\2.17.2\log4j-api-2.17.2.jar;C:\Environment\apache-maven-3.8.3-bin\apache-maven-3.8.3\mvn-repo\org\slf4j\jul-to-slf4j\1.7.36\jul-to-slf4j-1.7.36.jar;C:\Environment\apache-maven-3.8.3-bin\apache-maven-3.8.3\mvn-repo\jakarta\annotation\jakarta.annotation-api\1.3.5\jakarta.annotation-api-1.3.5.jar;C:\Environment\apache-maven-3.8.3-bin\apache-maven-3.8.3\mvn-repo\org\springframework\spring-core\5.3.23\spring-core-5.3.23.jar;C:\Environment\apache-maven-3.8.3-bin\apache-maven-3.8.3\mvn-repo\org\springframework\spring-jcl\5.3.23\spring-jcl-5.3.23.jar;C:\Environment\apache-maven-3.8.3-bin\apache-maven-3.8.3\mvn-repo\org\yaml\snakeyaml\1.30\snakeyaml-1.30.jar;C:\Environment\apache-maven-3.8.3-bin\apache-maven-3.8.3\mvn-repo\org\springframework\boot\spring-boot-starter-json\2.7.4\spring-boot-starter-json-2.7.4.jar;C:\Environment\apache-maven-3.8.3-bin\apache-maven-3.8.3\mvn-repo\com\fasterxml\jackson\core\jackson-databind\2.13.4\jackson-databind-2.13.4.jar;C:\Environment\apache-maven-3.8.3-bin\apache-maven-3.8.3\mvn-repo\com\fasterxml\jackson\core\jackson-annotations\2.13.4\jackson-annotations-2.13.4.jar;C:\Environment\apache-maven-3.8.3-bin\apache-maven-3.8.3\mvn-repo\com\fasterxml\jackson\datatype\jackson-datatype-jdk8\2.13.4\jackson-datatype-jdk8-2.13.4.jar;C:\Environment\apache-maven-3.8.3-bin\apache-maven-3.8.3\mvn-repo\com\fasterxml\jackson\datatype\jackson-datatype-jsr310\2.13.4\jackson-datatype-jsr310-2.13.4.jar;C:\Environment\apache-maven-3.8.3-bin\apache-maven-3.8.3\mvn-repo\com\fasterxml\jackson\module\jackson-module-parameter-names\2.13.4\jackson-module-parameter-names-2.13.4.jar;C:\Environment\apache-maven-3.8.3-bin\apache-maven-3.8.3\mvn-repo\org\springframework\boot\spring-boot-starter-tomcat\2.7.4\spring-boot-starter-tomcat-2.7.4.jar;C:\Environment\apache-maven-3.8.3-bin\apache-maven-3.8.3\mvn-repo\org\apache\tomcat\embed\tomcat-embed-core\9.0.65\tomcat-embed-core-9.0.65.jar;C:\Environment\apache-maven-3.8.3-bin\apache-maven-3.8.3\mvn-repo\org\apache\tomcat\embed\tomcat-embed-el\9.0.65\tomcat-embed-el-9.0.65.jar;C:\Environment\apache-maven-3.8.3-bin\apache-maven-3.8.3\mvn-repo\org\apache\tomcat\embed\tomcat-embed-websocket\9.0.65\tomcat-embed-websocket-9.0.65.jar;C:\Environment\apache-maven-3.8.3-bin\apache-maven-3.8.3\mvn-repo\org\springframework\spring-web\5.3.23\spring-web-5.3.23.jar;C:\Environment\apache-maven-3.8.3-bin\apache-maven-3.8.3\mvn-repo\org\springframework\spring-beans\5.3.23\spring-beans-5.3.23.jar;C:\Environment\apache-maven-3.8.3-bin\apache-maven-3.8.3\mvn-repo\org\springframework\spring-webmvc\5.3.23\spring-webmvc-5.3.23.jar;C:\Environment\apache-maven-3.8.3-bin\apache-maven-3.8.3\mvn-repo\org\springframework\spring-aop\5.3.23\spring-aop-5.3.23.jar;C:\Environment\apache-maven-3.8.3-bin\apache-maven-3.8.3\mvn-repo\org\springframework\spring-context\5.3.23\spring-context-5.3.23.jar;C:\Environment\apache-maven-3.8.3-bin\apache-maven-3.8.3\mvn-repo\org\springframework\spring-expression\5.3.23\spring-expression-5.3.23.jar;C:\Environment\apache-maven-3.8.3-bin\apache-maven-3.8.3\mvn-repo\com\alibaba\cloud\spring-cloud-starter-alibaba-nacos-config\2021.0.1.0\spring-cloud-starter-alibaba-nacos-config-2021.0.1.0.jar;C:\Environment\apache-maven-3.8.3-bin\apache-maven-3.8.3\mvn-repo\com\alibaba\spring\spring-context-support\1.0.11\spring-context-support-1.0.11.jar;C:\Environment\apache-maven-3.8.3-bin\apache-maven-3.8.3\mvn-repo\com\alibaba\nacos\nacos-client\1.4.2\nacos-client-1.4.2.jar;C:\Environment\apache-maven-3.8.3-bin\apache-maven-3.8.3\mvn-repo\com\alibaba\nacos\nacos-common\1.4.2\nacos-common-1.4.2.jar;C:\Environment\apache-maven-3.8.3-bin\apache-maven-3.8.3\mvn-repo\org\slf4j\slf4j-api\1.7.36\slf4j-api-1.7.36.jar;C:\Environment\apache-maven-3.8.3-bin\apache-maven-3.8.3\mvn-repo\commons-io\commons-io\2.7\commons-io-2.7.jar;C:\Environment\apache-maven-3.8.3-bin\apache-maven-3.8.3\mvn-repo\org\apache\httpcomponents\httpasyncclient\4.1.5\httpasyncclient-4.1.5.jar;C:\Environment\apache-maven-3.8.3-bin\apache-maven-3.8.3\mvn-repo\org\apache\httpcomponents\httpcore\4.4.15\httpcore-4.4.15.jar;C:\Environment\apache-maven-3.8.3-bin\apache-maven-3.8.3\mvn-repo\org\apache\httpcomponents\httpcore-nio\4.4.15\httpcore-nio-4.4.15.jar;C:\Environment\apache-maven-3.8.3-bin\apache-maven-3.8.3\mvn-repo\org\apache\httpcomponents\httpclient\4.5.13\httpclient-4.5.13.jar;C:\Environment\apache-maven-3.8.3-bin\apache-maven-3.8.3\mvn-repo\com\alibaba\nacos\nacos-api\1.4.2\nacos-api-1.4.2.jar;C:\Environment\apache-maven-3.8.3-bin\apache-maven-3.8.3\mvn-repo\com\google\guava\guava\30.1-jre\guava-30.1-jre.jar;C:\Environment\apache-maven-3.8.3-bin\apache-maven-3.8.3\mvn-repo\com\google\guava\failureaccess\1.0.1\failureaccess-1.0.1.jar;C:\Environment\apache-maven-3.8.3-bin\apache-maven-3.8.3\mvn-repo\com\google\guava\listenablefuture\9999.0-empty-to-avoid-conflict-with-guava\listenablefuture-9999.0-empty-to-avoid-conflict-with-guava.jar;C:\Environment\apache-maven-3.8.3-bin\apache-maven-3.8.3\mvn-repo\com\google\code\findbugs\jsr305\3.0.2\jsr305-3.0.2.jar;C:\Environment\apache-maven-3.8.3-bin\apache-maven-3.8.3\mvn-repo\org\checkerframework\checker-qual\3.5.0\checker-qual-3.5.0.jar;C:\Environment\apache-maven-3.8.3-bin\apache-maven-3.8.3\mvn-repo\com\google\errorprone\error_prone_annotations\2.3.4\error_prone_annotations-2.3.4.jar;C:\Environment\apache-maven-3.8.3-bin\apache-maven-3.8.3\mvn-repo\com\google\j2objc\j2objc-annotations\1.3\j2objc-annotations-1.3.jar;C:\Environment\apache-maven-3.8.3-bin\apache-maven-3.8.3\mvn-repo\commons-codec\commons-codec\1.15\commons-codec-1.15.jar;C:\Environment\apache-maven-3.8.3-bin\apache-maven-3.8.3\mvn-repo\com\fasterxml\jackson\core\jackson-core\2.13.4\jackson-core-2.13.4.jar;C:\Environment\apache-maven-3.8.3-bin\apache-maven-3.8.3\mvn-repo\io\prometheus\simpleclient\0.15.0\simpleclient-0.15.0.jar;C:\Environment\apache-maven-3.8.3-bin\apache-maven-3.8.3\mvn-repo\io\prometheus\simpleclient_tracer_otel\0.15.0\simpleclient_tracer_otel-0.15.0.jar;C:\Environment\apache-maven-3.8.3-bin\apache-maven-3.8.3\mvn-repo\io\prometheus\simpleclient_tracer_common\0.15.0\simpleclient_tracer_common-0.15.0.jar;C:\Environment\apache-maven-3.8.3-bin\apache-maven-3.8.3\mvn-repo\io\prometheus\simpleclient_tracer_otel_agent\0.15.0\simpleclient_tracer_otel_agent-0.15.0.jar;C:\Environment\apache-maven-3.8.3-bin\apache-maven-3.8.3\mvn-repo\org\springframework\cloud\spring-cloud-commons\3.1.1\spring-cloud-commons-3.1.1.jar;C:\Environment\apache-maven-3.8.3-bin\apache-maven-3.8.3\mvn-repo\org\springframework\security\spring-security-crypto\5.7.3\spring-security-crypto-5.7.3.jar;C:\Environment\apache-maven-3.8.3-bin\apache-maven-3.8.3\mvn-repo\org\springframework\cloud\spring-cloud-context\3.1.1\spring-cloud-context-3.1.1.jar;C:\Environment\apache-maven-3.8.3-bin\apache-maven-3.8.3\mvn-repo\com\alibaba\cloud\spring-cloud-starter-alibaba-nacos-discovery\2021.0.1.0\spring-cloud-starter-alibaba-nacos-discovery-2021.0.1.0.jar;C:\Environment\apache-maven-3.8.3-bin\apache-maven-3.8.3\mvn-repo\com\alibaba\cloud\spring-cloud-alibaba-commons\2021.0.1.0\spring-cloud-alibaba-commons-2021.0.1.0.jar;C:\Environment\apache-maven-3.8.3-bin\apache-maven-3.8.3\mvn-repo\com\github\whvcse\easy-captcha\1.6.2\easy-captcha-1.6.2.jar;C:\Environment\apache-maven-3.8.3-bin\apache-maven-3.8.3\mvn-repo\org\projectlombok\lombok\1.18.24\lombok-1.18.24.jar;"/>
    <property name="java.vm.vendor" value="Oracle Corporation"/>
    <property name="sun.arch.data.model" value="64"/>
    <property name="user.variant" value=""/>
    <property name="java.vendor.url" value="https://java.oracle.com/"/>
    <property name="user.timezone" value="Asia/Shanghai"/>
    <property name="os.name" value="Windows 10"/>
    <property name="java.vm.specification.version" value="17"/>
    <property name="sun.java.launcher" value="SUN_STANDARD"/>
    <property name="user.country" value="CN"/>
    <property name="sun.boot.library.path" value="C:\Environment\JDK\jdk-17\bin"/>
    <property name="sun.java.command" value="C:\Users\daixun\AppData\Local\Temp\surefire1806397971044455638\surefirebooter766811571742748449.jar C:\Users\daixun\AppData\Local\Temp\surefire1806397971044455638 2022-10-11T13-10-53_996-jvmRun1 surefire6704785277572087046tmp surefire_02092492632050867002tmp"/>
    <property name="jdk.debug" value="release"/>
    <property name="surefire.test.class.path" value="C:\Users\daixun\Desktop\spring\项目\spring-cloud-mldx\mldx-auth\target\test-classes;C:\Users\daixun\Desktop\spring\项目\spring-cloud-mldx\mldx-auth\target\classes;C:\Users\daixun\Desktop\spring\项目\spring-cloud-mldx\mldx-log\target\mldx-log-1.0.jar;C:\Users\daixun\Desktop\spring\项目\spring-cloud-mldx\mldx-security\target\mldx-security-1.0.jar;C:\Users\daixun\Desktop\spring\项目\spring-cloud-mldx\mldx-common\target\mldx-common-1.0.jar;C:\Environment\apache-maven-3.8.3-bin\apache-maven-3.8.3\mvn-repo\org\springframework\boot\spring-boot-starter-validation\2.7.4\spring-boot-starter-validation-2.7.4.jar;C:\Environment\apache-maven-3.8.3-bin\apache-maven-3.8.3\mvn-repo\org\hibernate\validator\hibernate-validator\6.2.5.Final\hibernate-validator-6.2.5.Final.jar;C:\Environment\apache-maven-3.8.3-bin\apache-maven-3.8.3\mvn-repo\jakarta\validation\jakarta.validation-api\2.0.2\jakarta.validation-api-2.0.2.jar;C:\Environment\apache-maven-3.8.3-bin\apache-maven-3.8.3\mvn-repo\org\jboss\logging\jboss-logging\3.4.3.Final\jboss-logging-3.4.3.Final.jar;C:\Environment\apache-maven-3.8.3-bin\apache-maven-3.8.3\mvn-repo\com\fasterxml\classmate\1.5.1\classmate-1.5.1.jar;C:\Environment\apache-maven-3.8.3-bin\apache-maven-3.8.3\mvn-repo\javax\servlet\javax.servlet-api\4.0.1\javax.servlet-api-4.0.1.jar;C:\Environment\apache-maven-3.8.3-bin\apache-maven-3.8.3\mvn-repo\org\springframework\boot\spring-boot-starter-data-redis\2.7.4\spring-boot-starter-data-redis-2.7.4.jar;C:\Environment\apache-maven-3.8.3-bin\apache-maven-3.8.3\mvn-repo\org\springframework\data\spring-data-redis\2.7.3\spring-data-redis-2.7.3.jar;C:\Environment\apache-maven-3.8.3-bin\apache-maven-3.8.3\mvn-repo\org\springframework\data\spring-data-keyvalue\2.7.3\spring-data-keyvalue-2.7.3.jar;C:\Environment\apache-maven-3.8.3-bin\apache-maven-3.8.3\mvn-repo\org\springframework\data\spring-data-commons\2.7.3\spring-data-commons-2.7.3.jar;C:\Environment\apache-maven-3.8.3-bin\apache-maven-3.8.3\mvn-repo\org\springframework\spring-oxm\5.3.23\spring-oxm-5.3.23.jar;C:\Environment\apache-maven-3.8.3-bin\apache-maven-3.8.3\mvn-repo\org\springframework\spring-context-support\5.3.23\spring-context-support-5.3.23.jar;C:\Environment\apache-maven-3.8.3-bin\apache-maven-3.8.3\mvn-repo\io\lettuce\lettuce-core\6.1.9.RELEASE\lettuce-core-6.1.9.RELEASE.jar;C:\Environment\apache-maven-3.8.3-bin\apache-maven-3.8.3\mvn-repo\org\springframework\cloud\spring-cloud-starter-bootstrap\3.1.1\spring-cloud-starter-bootstrap-3.1.1.jar;C:\Environment\apache-maven-3.8.3-bin\apache-maven-3.8.3\mvn-repo\org\springframework\cloud\spring-cloud-starter\3.1.1\spring-cloud-starter-3.1.1.jar;C:\Environment\apache-maven-3.8.3-bin\apache-maven-3.8.3\mvn-repo\org\springframework\security\spring-security-rsa\1.0.10.RELEASE\spring-security-rsa-1.0.10.RELEASE.jar;C:\Environment\apache-maven-3.8.3-bin\apache-maven-3.8.3\mvn-repo\org\bouncycastle\bcpkix-jdk15on\1.68\bcpkix-jdk15on-1.68.jar;C:\Environment\apache-maven-3.8.3-bin\apache-maven-3.8.3\mvn-repo\org\bouncycastle\bcprov-jdk15on\1.68\bcprov-jdk15on-1.68.jar;C:\Environment\apache-maven-3.8.3-bin\apache-maven-3.8.3\mvn-repo\org\aspectj\aspectjweaver\1.9.7\aspectjweaver-1.9.7.jar;C:\Environment\apache-maven-3.8.3-bin\apache-maven-3.8.3\mvn-repo\org\redisson\redisson\3.17.6\redisson-3.17.6.jar;C:\Environment\apache-maven-3.8.3-bin\apache-maven-3.8.3\mvn-repo\io\netty\netty-common\4.1.82.Final\netty-common-4.1.82.Final.jar;C:\Environment\apache-maven-3.8.3-bin\apache-maven-3.8.3\mvn-repo\io\netty\netty-codec\4.1.82.Final\netty-codec-4.1.82.Final.jar;C:\Environment\apache-maven-3.8.3-bin\apache-maven-3.8.3\mvn-repo\io\netty\netty-buffer\4.1.82.Final\netty-buffer-4.1.82.Final.jar;C:\Environment\apache-maven-3.8.3-bin\apache-maven-3.8.3\mvn-repo\io\netty\netty-transport\4.1.82.Final\netty-transport-4.1.82.Final.jar;C:\Environment\apache-maven-3.8.3-bin\apache-maven-3.8.3\mvn-repo\io\netty\netty-resolver\4.1.82.Final\netty-resolver-4.1.82.Final.jar;C:\Environment\apache-maven-3.8.3-bin\apache-maven-3.8.3\mvn-repo\io\netty\netty-resolver-dns\4.1.82.Final\netty-resolver-dns-4.1.82.Final.jar;C:\Environment\apache-maven-3.8.3-bin\apache-maven-3.8.3\mvn-repo\io\netty\netty-codec-dns\4.1.82.Final\netty-codec-dns-4.1.82.Final.jar;C:\Environment\apache-maven-3.8.3-bin\apache-maven-3.8.3\mvn-repo\io\netty\netty-handler\4.1.82.Final\netty-handler-4.1.82.Final.jar;C:\Environment\apache-maven-3.8.3-bin\apache-maven-3.8.3\mvn-repo\io\netty\netty-transport-native-unix-common\4.1.82.Final\netty-transport-native-unix-common-4.1.82.Final.jar;C:\Environment\apache-maven-3.8.3-bin\apache-maven-3.8.3\mvn-repo\javax\cache\cache-api\1.1.1\cache-api-1.1.1.jar;C:\Environment\apache-maven-3.8.3-bin\apache-maven-3.8.3\mvn-repo\io\projectreactor\reactor-core\3.4.23\reactor-core-3.4.23.jar;C:\Environment\apache-maven-3.8.3-bin\apache-maven-3.8.3\mvn-repo\org\reactivestreams\reactive-streams\1.0.4\reactive-streams-1.0.4.jar;C:\Environment\apache-maven-3.8.3-bin\apache-maven-3.8.3\mvn-repo\io\reactivex\rxjava3\rxjava\3.1.5\rxjava-3.1.5.jar;C:\Environment\apache-maven-3.8.3-bin\apache-maven-3.8.3\mvn-repo\org\jboss\marshalling\jboss-marshalling\2.0.11.Final\jboss-marshalling-2.0.11.Final.jar;C:\Environment\apache-maven-3.8.3-bin\apache-maven-3.8.3\mvn-repo\org\jboss\marshalling\jboss-marshalling-river\2.0.11.Final\jboss-marshalling-river-2.0.11.Final.jar;C:\Environment\apache-maven-3.8.3-bin\apache-maven-3.8.3\mvn-repo\com\fasterxml\jackson\dataformat\jackson-dataformat-yaml\2.13.4\jackson-dataformat-yaml-2.13.4.jar;C:\Environment\apache-maven-3.8.3-bin\apache-maven-3.8.3\mvn-repo\net\bytebuddy\byte-buddy\1.12.17\byte-buddy-1.12.17.jar;C:\Environment\apache-maven-3.8.3-bin\apache-maven-3.8.3\mvn-repo\org\jodd\jodd-bean\5.1.6\jodd-bean-5.1.6.jar;C:\Environment\apache-maven-3.8.3-bin\apache-maven-3.8.3\mvn-repo\org\jodd\jodd-core\5.1.6\jodd-core-5.1.6.jar;C:\Environment\apache-maven-3.8.3-bin\apache-maven-3.8.3\mvn-repo\io\jsonwebtoken\jjwt-jackson\0.11.5\jjwt-jackson-0.11.5.jar;C:\Environment\apache-maven-3.8.3-bin\apache-maven-3.8.3\mvn-repo\io\jsonwebtoken\jjwt-impl\0.11.5\jjwt-impl-0.11.5.jar;C:\Environment\apache-maven-3.8.3-bin\apache-maven-3.8.3\mvn-repo\io\jsonwebtoken\jjwt-api\0.11.5\jjwt-api-0.11.5.jar;C:\Environment\apache-maven-3.8.3-bin\apache-maven-3.8.3\mvn-repo\cn\hutool\hutool-all\5.8.5\hutool-all-5.8.5.jar;C:\Environment\apache-maven-3.8.3-bin\apache-maven-3.8.3\mvn-repo\nl\basjes\parse\useragent\yauaa\7.6.0\yauaa-7.6.0.jar;C:\Environment\apache-maven-3.8.3-bin\apache-maven-3.8.3\mvn-repo\org\apache\httpcomponents\client5\httpclient5\5.1.3\httpclient5-5.1.3.jar;C:\Environment\apache-maven-3.8.3-bin\apache-maven-3.8.3\mvn-repo\org\apache\httpcomponents\core5\httpcore5\5.1.4\httpcore5-5.1.4.jar;C:\Environment\apache-maven-3.8.3-bin\apache-maven-3.8.3\mvn-repo\org\apache\httpcomponents\core5\httpcore5-h2\5.1.4\httpcore5-h2-5.1.4.jar;C:\Environment\apache-maven-3.8.3-bin\apache-maven-3.8.3\mvn-repo\org\apache\commons\commons-text\1.9\commons-text-1.9.jar;C:\Environment\apache-maven-3.8.3-bin\apache-maven-3.8.3\mvn-repo\org\apache\commons\commons-lang3\3.12.0\commons-lang3-3.12.0.jar;C:\Environment\apache-maven-3.8.3-bin\apache-maven-3.8.3\mvn-repo\com\github\ben-manes\caffeine\caffeine\2.9.3\caffeine-2.9.3.jar;C:\Environment\apache-maven-3.8.3-bin\apache-maven-3.8.3\mvn-repo\org\apache\commons\commons-collections4\4.4\commons-collections4-4.4.jar;C:\Environment\apache-maven-3.8.3-bin\apache-maven-3.8.3\mvn-repo\nl\basjes\collections\prefixmap\2.0\prefixmap-2.0.jar;C:\Environment\apache-maven-3.8.3-bin\apache-maven-3.8.3\mvn-repo\com\alibaba\fastjson\2.0.12\fastjson-2.0.12.jar;C:\Environment\apache-maven-3.8.3-bin\apache-maven-3.8.3\mvn-repo\com\alibaba\fastjson2\fastjson2-extension\2.0.12\fastjson2-extension-2.0.12.jar;C:\Environment\apache-maven-3.8.3-bin\apache-maven-3.8.3\mvn-repo\com\alibaba\fastjson2\fastjson2\2.0.12\fastjson2-2.0.12.jar;C:\Environment\apache-maven-3.8.3-bin\apache-maven-3.8.3\mvn-repo\org\mybatis\spring\boot\mybatis-spring-boot-starter\2.2.2\mybatis-spring-boot-starter-2.2.2.jar;C:\Environment\apache-maven-3.8.3-bin\apache-maven-3.8.3\mvn-repo\org\springframework\boot\spring-boot-starter-jdbc\2.7.4\spring-boot-starter-jdbc-2.7.4.jar;C:\Environment\apache-maven-3.8.3-bin\apache-maven-3.8.3\mvn-repo\com\zaxxer\HikariCP\4.0.3\HikariCP-4.0.3.jar;C:\Environment\apache-maven-3.8.3-bin\apache-maven-3.8.3\mvn-repo\org\springframework\spring-jdbc\5.3.23\spring-jdbc-5.3.23.jar;C:\Environment\apache-maven-3.8.3-bin\apache-maven-3.8.3\mvn-repo\org\springframework\spring-tx\5.3.23\spring-tx-5.3.23.jar;C:\Environment\apache-maven-3.8.3-bin\apache-maven-3.8.3\mvn-repo\org\mybatis\spring\boot\mybatis-spring-boot-autoconfigure\2.2.2\mybatis-spring-boot-autoconfigure-2.2.2.jar;C:\Environment\apache-maven-3.8.3-bin\apache-maven-3.8.3\mvn-repo\org\mybatis\mybatis\3.5.9\mybatis-3.5.9.jar;C:\Environment\apache-maven-3.8.3-bin\apache-maven-3.8.3\mvn-repo\org\mybatis\mybatis-spring\2.0.7\mybatis-spring-2.0.7.jar;C:\Environment\apache-maven-3.8.3-bin\apache-maven-3.8.3\mvn-repo\mysql\mysql-connector-java\8.0.29\mysql-connector-java-8.0.29.jar;C:\Environment\apache-maven-3.8.3-bin\apache-maven-3.8.3\mvn-repo\com\google\protobuf\protobuf-java\3.19.4\protobuf-java-3.19.4.jar;C:\Environment\apache-maven-3.8.3-bin\apache-maven-3.8.3\mvn-repo\org\springframework\boot\spring-boot-starter-web\2.7.4\spring-boot-starter-web-2.7.4.jar;C:\Environment\apache-maven-3.8.3-bin\apache-maven-3.8.3\mvn-repo\org\springframework\boot\spring-boot-starter\2.7.4\spring-boot-starter-2.7.4.jar;C:\Environment\apache-maven-3.8.3-bin\apache-maven-3.8.3\mvn-repo\org\springframework\boot\spring-boot\2.7.4\spring-boot-2.7.4.jar;C:\Environment\apache-maven-3.8.3-bin\apache-maven-3.8.3\mvn-repo\org\springframework\boot\spring-boot-autoconfigure\2.7.4\spring-boot-autoconfigure-2.7.4.jar;C:\Environment\apache-maven-3.8.3-bin\apache-maven-3.8.3\mvn-repo\org\springframework\boot\spring-boot-starter-logging\2.7.4\spring-boot-starter-logging-2.7.4.jar;C:\Environment\apache-maven-3.8.3-bin\apache-maven-3.8.3\mvn-repo\ch\qos\logback\logback-classic\1.2.11\logback-classic-1.2.11.jar;C:\Environment\apache-maven-3.8.3-bin\apache-maven-3.8.3\mvn-repo\ch\qos\logback\logback-core\1.2.11\logback-core-1.2.11.jar;C:\Environment\apache-maven-3.8.3-bin\apache-maven-3.8.3\mvn-repo\org\apache\logging\log4j\log4j-to-slf4j\2.17.2\log4j-to-slf4j-2.17.2.jar;C:\Environment\apache-maven-3.8.3-bin\apache-maven-3.8.3\mvn-repo\org\apache\logging\log4j\log4j-api\2.17.2\log4j-api-2.17.2.jar;C:\Environment\apache-maven-3.8.3-bin\apache-maven-3.8.3\mvn-repo\org\slf4j\jul-to-slf4j\1.7.36\jul-to-slf4j-1.7.36.jar;C:\Environment\apache-maven-3.8.3-bin\apache-maven-3.8.3\mvn-repo\jakarta\annotation\jakarta.annotation-api\1.3.5\jakarta.annotation-api-1.3.5.jar;C:\Environment\apache-maven-3.8.3-bin\apache-maven-3.8.3\mvn-repo\org\springframework\spring-core\5.3.23\spring-core-5.3.23.jar;C:\Environment\apache-maven-3.8.3-bin\apache-maven-3.8.3\mvn-repo\org\springframework\spring-jcl\5.3.23\spring-jcl-5.3.23.jar;C:\Environment\apache-maven-3.8.3-bin\apache-maven-3.8.3\mvn-repo\org\yaml\snakeyaml\1.30\snakeyaml-1.30.jar;C:\Environment\apache-maven-3.8.3-bin\apache-maven-3.8.3\mvn-repo\org\springframework\boot\spring-boot-starter-json\2.7.4\spring-boot-starter-json-2.7.4.jar;C:\Environment\apache-maven-3.8.3-bin\apache-maven-3.8.3\mvn-repo\com\fasterxml\jackson\core\jackson-databind\2.13.4\jackson-databind-2.13.4.jar;C:\Environment\apache-maven-3.8.3-bin\apache-maven-3.8.3\mvn-repo\com\fasterxml\jackson\core\jackson-annotations\2.13.4\jackson-annotations-2.13.4.jar;C:\Environment\apache-maven-3.8.3-bin\apache-maven-3.8.3\mvn-repo\com\fasterxml\jackson\datatype\jackson-datatype-jdk8\2.13.4\jackson-datatype-jdk8-2.13.4.jar;C:\Environment\apache-maven-3.8.3-bin\apache-maven-3.8.3\mvn-repo\com\fasterxml\jackson\datatype\jackson-datatype-jsr310\2.13.4\jackson-datatype-jsr310-2.13.4.jar;C:\Environment\apache-maven-3.8.3-bin\apache-maven-3.8.3\mvn-repo\com\fasterxml\jackson\module\jackson-module-parameter-names\2.13.4\jackson-module-parameter-names-2.13.4.jar;C:\Environment\apache-maven-3.8.3-bin\apache-maven-3.8.3\mvn-repo\org\springframework\boot\spring-boot-starter-tomcat\2.7.4\spring-boot-starter-tomcat-2.7.4.jar;C:\Environment\apache-maven-3.8.3-bin\apache-maven-3.8.3\mvn-repo\org\apache\tomcat\embed\tomcat-embed-core\9.0.65\tomcat-embed-core-9.0.65.jar;C:\Environment\apache-maven-3.8.3-bin\apache-maven-3.8.3\mvn-repo\org\apache\tomcat\embed\tomcat-embed-el\9.0.65\tomcat-embed-el-9.0.65.jar;C:\Environment\apache-maven-3.8.3-bin\apache-maven-3.8.3\mvn-repo\org\apache\tomcat\embed\tomcat-embed-websocket\9.0.65\tomcat-embed-websocket-9.0.65.jar;C:\Environment\apache-maven-3.8.3-bin\apache-maven-3.8.3\mvn-repo\org\springframework\spring-web\5.3.23\spring-web-5.3.23.jar;C:\Environment\apache-maven-3.8.3-bin\apache-maven-3.8.3\mvn-repo\org\springframework\spring-beans\5.3.23\spring-beans-5.3.23.jar;C:\Environment\apache-maven-3.8.3-bin\apache-maven-3.8.3\mvn-repo\org\springframework\spring-webmvc\5.3.23\spring-webmvc-5.3.23.jar;C:\Environment\apache-maven-3.8.3-bin\apache-maven-3.8.3\mvn-repo\org\springframework\spring-aop\5.3.23\spring-aop-5.3.23.jar;C:\Environment\apache-maven-3.8.3-bin\apache-maven-3.8.3\mvn-repo\org\springframework\spring-context\5.3.23\spring-context-5.3.23.jar;C:\Environment\apache-maven-3.8.3-bin\apache-maven-3.8.3\mvn-repo\org\springframework\spring-expression\5.3.23\spring-expression-5.3.23.jar;C:\Environment\apache-maven-3.8.3-bin\apache-maven-3.8.3\mvn-repo\com\alibaba\cloud\spring-cloud-starter-alibaba-nacos-config\2021.0.1.0\spring-cloud-starter-alibaba-nacos-config-2021.0.1.0.jar;C:\Environment\apache-maven-3.8.3-bin\apache-maven-3.8.3\mvn-repo\com\alibaba\spring\spring-context-support\1.0.11\spring-context-support-1.0.11.jar;C:\Environment\apache-maven-3.8.3-bin\apache-maven-3.8.3\mvn-repo\com\alibaba\nacos\nacos-client\1.4.2\nacos-client-1.4.2.jar;C:\Environment\apache-maven-3.8.3-bin\apache-maven-3.8.3\mvn-repo\com\alibaba\nacos\nacos-common\1.4.2\nacos-common-1.4.2.jar;C:\Environment\apache-maven-3.8.3-bin\apache-maven-3.8.3\mvn-repo\org\slf4j\slf4j-api\1.7.36\slf4j-api-1.7.36.jar;C:\Environment\apache-maven-3.8.3-bin\apache-maven-3.8.3\mvn-repo\commons-io\commons-io\2.7\commons-io-2.7.jar;C:\Environment\apache-maven-3.8.3-bin\apache-maven-3.8.3\mvn-repo\org\apache\httpcomponents\httpasyncclient\4.1.5\httpasyncclient-4.1.5.jar;C:\Environment\apache-maven-3.8.3-bin\apache-maven-3.8.3\mvn-repo\org\apache\httpcomponents\httpcore\4.4.15\httpcore-4.4.15.jar;C:\Environment\apache-maven-3.8.3-bin\apache-maven-3.8.3\mvn-repo\org\apache\httpcomponents\httpcore-nio\4.4.15\httpcore-nio-4.4.15.jar;C:\Environment\apache-maven-3.8.3-bin\apache-maven-3.8.3\mvn-repo\org\apache\httpcomponents\httpclient\4.5.13\httpclient-4.5.13.jar;C:\Environment\apache-maven-3.8.3-bin\apache-maven-3.8.3\mvn-repo\com\alibaba\nacos\nacos-api\1.4.2\nacos-api-1.4.2.jar;C:\Environment\apache-maven-3.8.3-bin\apache-maven-3.8.3\mvn-repo\com\google\guava\guava\30.1-jre\guava-30.1-jre.jar;C:\Environment\apache-maven-3.8.3-bin\apache-maven-3.8.3\mvn-repo\com\google\guava\failureaccess\1.0.1\failureaccess-1.0.1.jar;C:\Environment\apache-maven-3.8.3-bin\apache-maven-3.8.3\mvn-repo\com\google\guava\listenablefuture\9999.0-empty-to-avoid-conflict-with-guava\listenablefuture-9999.0-empty-to-avoid-conflict-with-guava.jar;C:\Environment\apache-maven-3.8.3-bin\apache-maven-3.8.3\mvn-repo\com\google\code\findbugs\jsr305\3.0.2\jsr305-3.0.2.jar;C:\Environment\apache-maven-3.8.3-bin\apache-maven-3.8.3\mvn-repo\org\checkerframework\checker-qual\3.5.0\checker-qual-3.5.0.jar;C:\Environment\apache-maven-3.8.3-bin\apache-maven-3.8.3\mvn-repo\com\google\errorprone\error_prone_annotations\2.3.4\error_prone_annotations-2.3.4.jar;C:\Environment\apache-maven-3.8.3-bin\apache-maven-3.8.3\mvn-repo\com\google\j2objc\j2objc-annotations\1.3\j2objc-annotations-1.3.jar;C:\Environment\apache-maven-3.8.3-bin\apache-maven-3.8.3\mvn-repo\commons-codec\commons-codec\1.15\commons-codec-1.15.jar;C:\Environment\apache-maven-3.8.3-bin\apache-maven-3.8.3\mvn-repo\com\fasterxml\jackson\core\jackson-core\2.13.4\jackson-core-2.13.4.jar;C:\Environment\apache-maven-3.8.3-bin\apache-maven-3.8.3\mvn-repo\io\prometheus\simpleclient\0.15.0\simpleclient-0.15.0.jar;C:\Environment\apache-maven-3.8.3-bin\apache-maven-3.8.3\mvn-repo\io\prometheus\simpleclient_tracer_otel\0.15.0\simpleclient_tracer_otel-0.15.0.jar;C:\Environment\apache-maven-3.8.3-bin\apache-maven-3.8.3\mvn-repo\io\prometheus\simpleclient_tracer_common\0.15.0\simpleclient_tracer_common-0.15.0.jar;C:\Environment\apache-maven-3.8.3-bin\apache-maven-3.8.3\mvn-repo\io\prometheus\simpleclient_tracer_otel_agent\0.15.0\simpleclient_tracer_otel_agent-0.15.0.jar;C:\Environment\apache-maven-3.8.3-bin\apache-maven-3.8.3\mvn-repo\org\springframework\cloud\spring-cloud-commons\3.1.1\spring-cloud-commons-3.1.1.jar;C:\Environment\apache-maven-3.8.3-bin\apache-maven-3.8.3\mvn-repo\org\springframework\security\spring-security-crypto\5.7.3\spring-security-crypto-5.7.3.jar;C:\Environment\apache-maven-3.8.3-bin\apache-maven-3.8.3\mvn-repo\org\springframework\cloud\spring-cloud-context\3.1.1\spring-cloud-context-3.1.1.jar;C:\Environment\apache-maven-3.8.3-bin\apache-maven-3.8.3\mvn-repo\com\alibaba\cloud\spring-cloud-starter-alibaba-nacos-discovery\2021.0.1.0\spring-cloud-starter-alibaba-nacos-discovery-2021.0.1.0.jar;C:\Environment\apache-maven-3.8.3-bin\apache-maven-3.8.3\mvn-repo\com\alibaba\cloud\spring-cloud-alibaba-commons\2021.0.1.0\spring-cloud-alibaba-commons-2021.0.1.0.jar;C:\Environment\apache-maven-3.8.3-bin\apache-maven-3.8.3\mvn-repo\com\github\whvcse\easy-captcha\1.6.2\easy-captcha-1.6.2.jar;C:\Environment\apache-maven-3.8.3-bin\apache-maven-3.8.3\mvn-repo\org\projectlombok\lombok\1.18.24\lombok-1.18.24.jar;"/>
    <property name="sun.cpu.endian" value="little"/>
    <property name="user.home" value="C:\Users\daixun"/>
    <property name="user.language" value="zh"/>
    <property name="java.specification.vendor" value="Oracle Corporation"/>
    <property name="java.version.date" value="2021-09-14"/>
    <property name="java.home" value="C:\Environment\JDK\jdk-17"/>
    <property name="file.separator" value="\"/>
    <property name="basedir" value="C:\Users\daixun\Desktop\spring\项目\spring-cloud-mldx\mldx-auth"/>
    <property name="java.vm.compressedOopsMode" value="Zero based"/>
    <property name="line.separator" value="&#10;"/>
    <property name="java.vm.specification.vendor" value="Oracle Corporation"/>
    <property name="java.specification.name" value="Java Platform API Specification"/>
    <property name="surefire.real.class.path" value="C:\Users\daixun\AppData\Local\Temp\surefire1806397971044455638\surefirebooter766811571742748449.jar"/>
    <property name="user.script" value=""/>
    <property name="sun.management.compiler" value="HotSpot 64-Bit Tiered Compilers"/>
    <property name="java.runtime.version" value="17+35-LTS-2724"/>
    <property name="user.name" value="daixun"/>
    <property name="path.separator" value=";"/>
    <property name="os.version" value="10.0"/>
    <property name="java.runtime.name" value="Java(TM) SE Runtime Environment"/>
    <property name="file.encoding" value="GBK"/>
    <property name="java.vm.name" value="Java HotSpot(TM) 64-Bit Server VM"/>
    <property name="localRepository" value="C:\Environment\apache-maven-3.8.3-bin\apache-maven-3.8.3\mvn-repo"/>
    <property name="java.vendor.url.bug" value="https://bugreport.java.com/bugreport/"/>
    <property name="java.io.tmpdir" value="C:\Users\daixun\AppData\Local\Temp\"/>
    <property name="idea.version" value="2022.2.3"/>
    <property name="java.version" value="17"/>
    <property name="user.dir" value="C:\Users\daixun\Desktop\spring\项目\spring-cloud-mldx\mldx-auth"/>
    <property name="os.arch" value="amd64"/>
    <property name="java.vm.specification.name" value="Java Virtual Machine Specification"/>
    <property name="sun.os.patch.level" value=""/>
    <property name="native.encoding" value="GBK"/>
    <property name="java.library.path" value="C:\Environment\JDK\jdk-17\bin;C:\WINDOWS\Sun\Java\bin;C:\WINDOWS\system32;C:\WINDOWS;C:\python\python3.9\Scripts\;C:\python\python3.9\;C:\ProgramData\Oracle\Java\javapath;C:\Python27\;C:\Python27\Scripts;C:\Program Files (x86)\VMware\VMware Workstation\bin\;C:\Program Files (x86)\Common Files\Oracle\Java\javapath;C:\Environment\JDK\jdk-8\bin;C:\WINDOWS\system32;C:\WINDOWS;C:\WINDOWS\System32\Wbem;C:\WINDOWS\System32\WindowsPowerShell\v1.0\;C:\WINDOWS\System32\OpenSSH\;C:\Environment\JDK\jdk-8\jre\bin;C:\Environment\apache-maven-3.8.3-bin\apache-maven-3.8.3\bin;C:\Environment\mysql-8.0.26-winx64\bin;C:\Program Files\nodejs\;C:\Program Files\Git\cmd;C:\msys64\mingw64\bin;%GRADLE_HOME%\bin;;C:\Program Files\Docker\Docker\resources\bin;C:\ProgramData\DockerDesktop\version-bin;C:\Users\daixun\AppData\Local\Microsoft\WindowsApps;C:\Program Files\Bandizip\;C:\Users\daixun\AppData\Local\Programs\Microsoft VS Code\bin;C:\texlive\2021\bin\win32;C:\Users\daixun\AppData\Roaming\npm;C:\Program Files\JetBrains\WebStorm 2021.2.3\bin;C:\Users\daixun\Desktop\spring\cloud\tool\protoc-3.17.3-win64\bin\bin;C:\Users\daixun\AppData\Local\JetBrains\Toolbox\scripts;;."/>
    <property name="java.vm.info" value="mixed mode, sharing"/>
    <property name="java.vendor" value="Oracle Corporation"/>
    <property name="java.vm.version" value="17+35-LTS-2724"/>
    <property name="sun.io.unicode.encoding" value="UnicodeLittle"/>
    <property name="java.class.version" value="61.0"/>
  </properties>
</testsuite>